Change Component Designator: OldDesignator=B_+3.3V NewDesignator=TP_Vin_B
Change Component Designator: OldDesignator=B_HEX_SCOPE_TRIG1 NewDesignator=TP_Trig_B
Change Component Designator: OldDesignator=B_LED_TP1 NewDesignator=LED_B
Change Component Designator: OldDesignator=B_Quiet_High1 NewDesignator=Q_High_B
Change Component Designator: OldDesignator=B_Quiet_Low1 NewDesignator=Q_Low_B
Change Component Designator: OldDesignator=G_+3.3V NewDesignator=TP_Vin_G
Change Component Designator: OldDesignator=G_HEX_SCOPE_TRIG NewDesignator=TP_Trig_G
Change Component Designator: OldDesignator=G_LED_TP NewDesignator=LED_G
Change Component Designator: OldDesignator=G_Quiet_High NewDesignator=Q_High_G
Change Component Designator: OldDesignator=G_Quiet_Low NewDesignator=Q_LOW_G
Change Component Designator: OldDesignator=Voltage NewDesignator=Supply_V
Change Net Name : Old Net Name=NetB_+3.3V_1 New Net Name=NetC5_2
Change Net Name : Old Net Name=NetB_HEX_SCOPE_TRIG1_1 New Net Name=NetTP_Trig_B_1
Change Net Name : Old Net Name=NetB_LED_TP1_1 New Net Name=NetLED_B_1
Change Net Name : Old Net Name=NetB_Quiet_High1_1 New Net Name=NetQ_High_B_1
Change Net Name : Old Net Name=NetB_Quiet_Low1_1 New Net Name=NetQ_Low_B_1
Change Net Name : Old Net Name=NetG_HEX_SCOPE_TRIG_1 New Net Name=NetTP_Trig_G_1
Change Net Name : Old Net Name=NetG_LED_TP_1 New Net Name=NetLED_G_1
Change Net Name : Old Net Name=NetG_Quiet_High_1 New Net Name=NetQ_High_G_1
Change Net Name : Old Net Name=NetG_Quiet_Low_1 New Net Name=NetQ_LOW_G_1
Change Net Name : Old Net Name=Voltage New Net Name=Supply_V
Added Rule: Name=Schematic Width Constraint_3
Added Rule: Name=Schematic Width Constraint_8
