Added Component: Designator=555_ON_OFF(2Pin-Header-Conn)
Add component (AddParameter): Name = "LCSC Part#"; Value = "C124375"; VariantName = "[No Variations]"
Add component (AddParameter): Name = "Type"; Value = "Extended"; VariantName = "[No Variations]"
Added Component: Designator=B_HEX_SCOPE_TRIG1(TP10x_Probe)
Added Component: Designator=B_LED_TP1(TP10x_Probe)
Added Component: Designator=B_Quiet_High1(TP10x_Probe)
Added Component: Designator=B_Quiet_Low1(TP10x_Probe)
Added Component: Designator=C1(1206_Passive_Capacitor)
Add component (AddParameter): Name = "Datasheet"; Value = "https://datasheet.lcsc.com/lcsc/1811031514_Samsung-Electro-Mechanics-CL31A226KAHNNNE_C12891.pdf"; VariantName = "[No Variations]"
Add component (AddParameter): Name = "LCSC Part#"; Value = "C12891"; VariantName = "[No Variations]"
Add component (AddParameter): Name = "MFR Part #"; Value = "CL31A226KAHNNNE"; VariantName = "[No Variations]"
Add component (AddParameter): Name = "Type"; Value = "basic"; VariantName = "[No Variations]"
Add component (AddParameter): Name = "Value"; Value = "22uF"; VariantName = "[No Variations]"
Added Component: Designator=C2(1206_Passive_Capacitor)
Add component (AddParameter): Name = "Datasheet"; Value = "https://datasheet.lcsc.com/lcsc/1811031514_Samsung-Electro-Mechanics-CL31A226KAHNNNE_C12891.pdf"; VariantName = "[No Variations]"
Add component (AddParameter): Name = "LCSC Part#"; Value = "C12891"; VariantName = "[No Variations]"
Add component (AddParameter): Name = "MFR Part #"; Value = "CL31A226KAHNNNE"; VariantName = "[No Variations]"
Add component (AddParameter): Name = "Type"; Value = "basic"; VariantName = "[No Variations]"
Add component (AddParameter): Name = "Value"; Value = "22uF"; VariantName = "[No Variations]"
Added Component: Designator=C3(0402_Passive_Capacitor)
Add component (AddParameter): Name = "Datasheet"; Value = "https://datasheet.lcsc.com/szlcsc/Samsung-Electro-Mechanics-CL05A105KA5NQNC_C52923.pdf"; VariantName = "[No Variations]"
Add component (AddParameter): Name = "LCSC Part#"; Value = "C52923"; VariantName = "[No Variations]"
Add component (AddParameter): Name = "MFR Part #"; Value = "CL05A105KA5NQNC"; VariantName = "[No Variations]"
Add component (AddParameter): Name = "Type"; Value = "Basic"; VariantName = "[No Variations]"
Add component (AddParameter): Name = "Value"; Value = "1uF"; VariantName = "[No Variations]"
Added Component: Designator=C4(1206_Passive_Capacitor)
Add component (AddParameter): Name = "Datasheet"; Value = "https://datasheet.lcsc.com/lcsc/1811031514_Samsung-Electro-Mechanics-CL31A226KAHNNNE_C12891.pdf"; VariantName = "[No Variations]"
Add component (AddParameter): Name = "LCSC Part#"; Value = "C12891"; VariantName = "[No Variations]"
Add component (AddParameter): Name = "MFR Part #"; Value = "CL31A226KAHNNNE"; VariantName = "[No Variations]"
Add component (AddParameter): Name = "Type"; Value = "basic"; VariantName = "[No Variations]"
Add component (AddParameter): Name = "Value"; Value = "22uF"; VariantName = "[No Variations]"
Added Component: Designator=C5(1206_Passive_Capacitor)
Add component (AddParameter): Name = "Datasheet"; Value = "https://datasheet.lcsc.com/lcsc/1811031514_Samsung-Electro-Mechanics-CL31A226KAHNNNE_C12891.pdf"; VariantName = "[No Variations]"
Add component (AddParameter): Name = "LCSC Part#"; Value = "C12891"; VariantName = "[No Variations]"
Add component (AddParameter): Name = "MFR Part #"; Value = "CL31A226KAHNNNE"; VariantName = "[No Variations]"
Add component (AddParameter): Name = "Type"; Value = "basic"; VariantName = "[No Variations]"
Add component (AddParameter): Name = "Value"; Value = "22uF"; VariantName = "[No Variations]"
Added Component: Designator=G_+3.3V(TP10x_Probe)
Added Component: Designator=G_HEX_SCOPE_TRIG(TP10x_Probe)
Added Component: Designator=G_LED_TP(TP10x_Probe)
Added Component: Designator=G_Quiet_High(TP10x_Probe)
Added Component: Designator=G_Quiet_Low(TP10x_Probe)
Added Component: Designator=LED1(LED_1206)
Add component (AddParameter): Name = "Datasheet"; Value = "https://datasheet.lcsc.com/szlcsc/1811151241_Everlight-Elec-15-21-R6C-FQ1R1B-2T_C93133.pdf"; VariantName = "[No Variations]"
Add component (AddParameter): Name = "LCSC Part#"; Value = "C93133"; VariantName = "[No Variations]"
Add component (AddParameter): Name = "MFR Part #"; Value = "15-21/R6C-FQ1R1B/2T"; VariantName = "[No Variations]"
Add component (AddParameter): Name = "Type"; Value = "Extended"; VariantName = "[No Variations]"
Add component (AddParameter): Name = "Value"; Value = "Red"; VariantName = "[No Variations]"
Added Component: Designator=LED2(LED_1206)
Add component (AddParameter): Name = "Datasheet"; Value = "https://datasheet.lcsc.com/szlcsc/1811151241_Everlight-Elec-15-21-R6C-FQ1R1B-2T_C93133.pdf"; VariantName = "[No Variations]"
Add component (AddParameter): Name = "LCSC Part#"; Value = "C93133"; VariantName = "[No Variations]"
Add component (AddParameter): Name = "MFR Part #"; Value = "15-21/R6C-FQ1R1B/2T"; VariantName = "[No Variations]"
Add component (AddParameter): Name = "Type"; Value = "Extended"; VariantName = "[No Variations]"
Add component (AddParameter): Name = "Value"; Value = "Red"; VariantName = "[No Variations]"
Added Component: Designator=LED3(LED_1206)
Add component (AddParameter): Name = "Datasheet"; Value = "https://datasheet.lcsc.com/szlcsc/1811151241_Everlight-Elec-15-21-R6C-FQ1R1B-2T_C93133.pdf"; VariantName = "[No Variations]"
Add component (AddParameter): Name = "LCSC Part#"; Value = "C93133"; VariantName = "[No Variations]"
Add component (AddParameter): Name = "MFR Part #"; Value = "15-21/R6C-FQ1R1B/2T"; VariantName = "[No Variations]"
Add component (AddParameter): Name = "Type"; Value = "Extended"; VariantName = "[No Variations]"
Add component (AddParameter): Name = "Value"; Value = "Red"; VariantName = "[No Variations]"
Added Component: Designator=LED4(LED_1206)
Add component (AddParameter): Name = "Datasheet"; Value = "https://datasheet.lcsc.com/szlcsc/1811151241_Everlight-Elec-15-21-R6C-FQ1R1B-2T_C93133.pdf"; VariantName = "[No Variations]"
Add component (AddParameter): Name = "LCSC Part#"; Value = "C93133"; VariantName = "[No Variations]"
Add component (AddParameter): Name = "MFR Part #"; Value = "15-21/R6C-FQ1R1B/2T"; VariantName = "[No Variations]"
Add component (AddParameter): Name = "Type"; Value = "Extended"; VariantName = "[No Variations]"
Add component (AddParameter): Name = "Value"; Value = "Red"; VariantName = "[No Variations]"
Added Component: Designator=LED5(LED_1206)
Add component (AddParameter): Name = "Datasheet"; Value = "https://datasheet.lcsc.com/szlcsc/1811151241_Everlight-Elec-15-21-R6C-FQ1R1B-2T_C93133.pdf"; VariantName = "[No Variations]"
Add component (AddParameter): Name = "LCSC Part#"; Value = "C93133"; VariantName = "[No Variations]"
Add component (AddParameter): Name = "MFR Part #"; Value = "15-21/R6C-FQ1R1B/2T"; VariantName = "[No Variations]"
Add component (AddParameter): Name = "Type"; Value = "Extended"; VariantName = "[No Variations]"
Add component (AddParameter): Name = "Value"; Value = "Red"; VariantName = "[No Variations]"
Added Component: Designator=LED6(LED_1206)
Add component (AddParameter): Name = "Datasheet"; Value = "https://datasheet.lcsc.com/szlcsc/1811151241_Everlight-Elec-15-21-R6C-FQ1R1B-2T_C93133.pdf"; VariantName = "[No Variations]"
Add component (AddParameter): Name = "LCSC Part#"; Value = "C93133"; VariantName = "[No Variations]"
Add component (AddParameter): Name = "MFR Part #"; Value = "15-21/R6C-FQ1R1B/2T"; VariantName = "[No Variations]"
Add component (AddParameter): Name = "Type"; Value = "Extended"; VariantName = "[No Variations]"
Add component (AddParameter): Name = "Value"; Value = "Red"; VariantName = "[No Variations]"
Added Component: Designator=LED7(LED_1206)
Add component (AddParameter): Name = "Datasheet"; Value = "https://datasheet.lcsc.com/szlcsc/1811151241_Everlight-Elec-15-21-R6C-FQ1R1B-2T_C93133.pdf"; VariantName = "[No Variations]"
Add component (AddParameter): Name = "LCSC Part#"; Value = "C93133"; VariantName = "[No Variations]"
Add component (AddParameter): Name = "MFR Part #"; Value = "15-21/R6C-FQ1R1B/2T"; VariantName = "[No Variations]"
Add component (AddParameter): Name = "Type"; Value = "Extended"; VariantName = "[No Variations]"
Add component (AddParameter): Name = "Value"; Value = "Red"; VariantName = "[No Variations]"
Added Component: Designator=P1(Power_Jack)
Add component (AddParameter): Name = "Digikey Link"; Value = "https://www.digikey.com/product-detail/en/PJ-102A/CP-102A-ND/275425/?itemSeq=304982367"; VariantName = "[No Variations]"
Add component (AddParameter): Name = "LCSC Part#"; Value = "C136744"; VariantName = "[No Variations]"
Add component (AddParameter): Name = "MFR Part #"; Value = "PJ-102A"; VariantName = "[No Variations]"
Add component (AddParameter): Name = "Type"; Value = "Extended"; VariantName = "[No Variations]"
Add component (AddParameter): Name = "Value"; Value = "CONN PWR JACK 2X5.5MM SOLDER"; VariantName = "[No Variations]"
Added Component: Designator=PS1(LDO)
Add component (AddParameter): Name = "LCSC Part#"; Value = "C6187"; VariantName = "[No Variations]"
Add component (AddParameter): Name = "MFR Part #"; Value = "AMS1117-5.0"; VariantName = "[No Variations]"
Add component (AddParameter): Name = "Type"; Value = "Basic"; VariantName = "[No Variations]"
Add component (AddParameter): Name = "Value"; Value = "IC REG LINEAR 5V 1A SOT223"; VariantName = "[No Variations]"
Added Component: Designator=R1(1206_Passive_Resitor)
Add component (AddParameter): Name = "Datasheet"; Value = "https://datasheet.lcsc.com/lcsc/1811101020_UNI-ROYAL-Uniroyal-Elec-1206W4J0470T5E_C25384.pdf"; VariantName = "[No Variations]"
Add component (AddParameter): Name = "LCSC Part#"; Value = "C25384"; VariantName = "[No Variations]"
Add component (AddParameter): Name = "MFR Part #"; Value = "1206W4J0470T5E"; VariantName = "[No Variations]"
Add component (AddParameter): Name = "Type"; Value = "Extended"; VariantName = "[No Variations]"
Add component (AddParameter): Name = "Value"; Value = "47Ohm"; VariantName = "[No Variations]"
Added Component: Designator=R2(1206_Passive_Resitor)
Add component (AddParameter): Name = "Digikey Link"; Value = "https://www.digikey.com/product-detail/en/RNCP1206FTD1K00/RNCP1206FTD1K00CT-ND/2240675/?itemSeq=304982373"; VariantName = "[No Variations]"
Add component (AddParameter): Name = "LCSC Part#"; Value = "C4410"; VariantName = "[No Variations]"
Add component (AddParameter): Name = "MFR Part #"; Value = "RNCP1206FTD1K00CT"; VariantName = "[No Variations]"
Add component (AddParameter): Name = "Type"; Value = "Basic"; VariantName = "[No Variations]"
Add component (AddParameter): Name = "Value"; Value = "1K"; VariantName = "[No Variations]"
Added Component: Designator=R3(1206_Passive_Resitor)
Add component (AddParameter): Name = "Digikey Link"; Value = "https://www.digikey.com/product-detail/en/RNCP1206FTD1K00/RNCP1206FTD1K00CT-ND/2240675/?itemSeq=304982373"; VariantName = "[No Variations]"
Add component (AddParameter): Name = "LCSC Part#"; Value = "C4410"; VariantName = "[No Variations]"
Add component (AddParameter): Name = "MFR Part #"; Value = "RNCP1206FTD1K00CT"; VariantName = "[No Variations]"
Add component (AddParameter): Name = "Type"; Value = "Basic"; VariantName = "[No Variations]"
Add component (AddParameter): Name = "Value"; Value = "1K"; VariantName = "[No Variations]"
Added Component: Designator=R4(1206_Passive_Resitor)
Add component (AddParameter): Name = "Digikey Link"; Value = "https://www.digikey.com/product-detail/en/RNCP1206FTD1K00/RNCP1206FTD1K00CT-ND/2240675/?itemSeq=304982373"; VariantName = "[No Variations]"
Add component (AddParameter): Name = "LCSC Part#"; Value = "C4410"; VariantName = "[No Variations]"
Add component (AddParameter): Name = "MFR Part #"; Value = "RNCP1206FTD1K00CT"; VariantName = "[No Variations]"
Add component (AddParameter): Name = "Type"; Value = "Basic"; VariantName = "[No Variations]"
Add component (AddParameter): Name = "Value"; Value = "1K Ohm"; VariantName = "[No Variations]"
Added Component: Designator=R5(1206_Passive_Resitor)
Add component (AddParameter): Name = "Datasheet"; Value = "https://datasheet.lcsc.com/lcsc/1809050635_UNI-ROYAL-Uniroyal-Elec-1206W4F200KT5E_C17942.pdf"; VariantName = "[No Variations]"
Add component (AddParameter): Name = "LCSC Part#"; Value = "C17942"; VariantName = "[No Variations]"
Add component (AddParameter): Name = "MFR Part #"; Value = "1206W4F200KT5E"; VariantName = "[No Variations]"
Add component (AddParameter): Name = "Type"; Value = "Extended"; VariantName = "[No Variations]"
Add component (AddParameter): Name = "Value"; Value = "50 Ohm"; VariantName = "[No Variations]"
Added Component: Designator=R6(1206_Passive_Resitor)
Add component (AddParameter): Name = "Datasheet"; Value = "https://datasheet.lcsc.com/lcsc/1809050635_UNI-ROYAL-Uniroyal-Elec-1206W4F200KT5E_C17942.pdf"; VariantName = "[No Variations]"
Add component (AddParameter): Name = "LCSC Part#"; Value = "C17942"; VariantName = "[No Variations]"
Add component (AddParameter): Name = "MFR Part #"; Value = "1206W4F200KT5E"; VariantName = "[No Variations]"
Add component (AddParameter): Name = "Type"; Value = "Extended"; VariantName = "[No Variations]"
Add component (AddParameter): Name = "Value"; Value = "50 Ohm"; VariantName = "[No Variations]"
Added Component: Designator=R7(1206_Passive_Resitor)
Add component (AddParameter): Name = "Datasheet"; Value = "https://datasheet.lcsc.com/lcsc/1809050635_UNI-ROYAL-Uniroyal-Elec-1206W4F200KT5E_C17942.pdf"; VariantName = "[No Variations]"
Add component (AddParameter): Name = "LCSC Part#"; Value = "C17942"; VariantName = "[No Variations]"
Add component (AddParameter): Name = "MFR Part #"; Value = "1206W4F200KT5E"; VariantName = "[No Variations]"
Add component (AddParameter): Name = "Type"; Value = "Extended"; VariantName = "[No Variations]"
Add component (AddParameter): Name = "Value"; Value = "50 Ohm"; VariantName = "[No Variations]"
Added Component: Designator=R8(1206_Passive_Resitor)
Add component (AddParameter): Name = "Digikey Link"; Value = "https://www.digikey.com/product-detail/en/RNCP1206FTD1K00/RNCP1206FTD1K00CT-ND/2240675/?itemSeq=304982373"; VariantName = "[No Variations]"
Add component (AddParameter): Name = "LCSC Part#"; Value = "C4410"; VariantName = "[No Variations]"
Add component (AddParameter): Name = "MFR Part #"; Value = "RNCP1206FTD1K00CT"; VariantName = "[No Variations]"
Add component (AddParameter): Name = "Type"; Value = "Basic"; VariantName = "[No Variations]"
Add component (AddParameter): Name = "Value"; Value = "1K Ohm"; VariantName = "[No Variations]"
Added Component: Designator=R9(1206_Passive_Resitor)
Add component (AddParameter): Name = "Datasheet"; Value = "https://datasheet.lcsc.com/lcsc/1809050635_UNI-ROYAL-Uniroyal-Elec-1206W4F200KT5E_C17942.pdf"; VariantName = "[No Variations]"
Add component (AddParameter): Name = "LCSC Part#"; Value = "C17942"; VariantName = "[No Variations]"
Add component (AddParameter): Name = "MFR Part #"; Value = "1206W4F200KT5E"; VariantName = "[No Variations]"
Add component (AddParameter): Name = "Type"; Value = "Extended"; VariantName = "[No Variations]"
Add component (AddParameter): Name = "Value"; Value = "50 Ohm"; VariantName = "[No Variations]"
Added Component: Designator=R10(1206_Passive_Resitor)
Add component (AddParameter): Name = "Datasheet"; Value = "https://datasheet.lcsc.com/lcsc/1809050635_UNI-ROYAL-Uniroyal-Elec-1206W4F200KT5E_C17942.pdf"; VariantName = "[No Variations]"
Add component (AddParameter): Name = "LCSC Part#"; Value = "C17942"; VariantName = "[No Variations]"
Add component (AddParameter): Name = "MFR Part #"; Value = "1206W4F200KT5E"; VariantName = "[No Variations]"
Add component (AddParameter): Name = "Type"; Value = "Extended"; VariantName = "[No Variations]"
Add component (AddParameter): Name = "Value"; Value = "50 Ohm"; VariantName = "[No Variations]"
Added Component: Designator=R11(1206_Passive_Resitor)
Add component (AddParameter): Name = "Datasheet"; Value = "https://datasheet.lcsc.com/lcsc/1809050635_UNI-ROYAL-Uniroyal-Elec-1206W4F200KT5E_C17942.pdf"; VariantName = "[No Variations]"
Add component (AddParameter): Name = "LCSC Part#"; Value = "C17942"; VariantName = "[No Variations]"
Add component (AddParameter): Name = "MFR Part #"; Value = "1206W4F200KT5E"; VariantName = "[No Variations]"
Add component (AddParameter): Name = "Type"; Value = "Extended"; VariantName = "[No Variations]"
Add component (AddParameter): Name = "Value"; Value = "50 Ohm"; VariantName = "[No Variations]"
Added Component: Designator=SW1(2Pin-Header-Conn)
Add component (AddParameter): Name = "LCSC Part#"; Value = "C124375"; VariantName = "[No Variations]"
Add component (AddParameter): Name = "Type"; Value = "Extended"; VariantName = "[No Variations]"
Added Component: Designator=SW2(2Pin-Header-Conn)
Add component (AddParameter): Name = "LCSC Part#"; Value = "C124375"; VariantName = "[No Variations]"
Add component (AddParameter): Name = "Type"; Value = "Extended"; VariantName = "[No Variations]"
Added Component: Designator=SW_ON_OFF_B(2Pin-Header-Conn)
Add component (AddParameter): Name = "LCSC Part#"; Value = "C124375"; VariantName = "[No Variations]"
Add component (AddParameter): Name = "Type"; Value = "Extended"; VariantName = "[No Variations]"
Added Component: Designator=SW_ON_OFF_G(2Pin-Header-Conn)
Add component (AddParameter): Name = "LCSC Part#"; Value = "C124375"; VariantName = "[No Variations]"
Add component (AddParameter): Name = "Type"; Value = "Extended"; VariantName = "[No Variations]"
Added Component: Designator=TP1(TP10x_Probe)
Added Component: Designator=TP2(TP10x_Probe)
Added Component: Designator=TP_ 5V(TP10x_Probe)
Added Component: Designator=TP_+3.3V(TP10x_Probe)
Added Component: Designator=U1(TS555IDTTR)
Add component (AddParameter): Name = "DigiKey link"; Value = "https://www.digikey.com/product-detail/en/texas-instruments/LMC555CMX-NOPB/LMC555CMX-NOPBCT-ND/1010550"; VariantName = "[No Variations]"
Add component (AddParameter): Name = "LCSC Part#"; Value = "C90760"; VariantName = "[No Variations]"
Add component (AddParameter): Name = "MFR Part #"; Value = "LMC555CMX/NOPB"; VariantName = "[No Variations]"
Add component (AddParameter): Name = "Package"; Value = "SOIC-8"; VariantName = "[No Variations]"
Add component (AddParameter): Name = "Type"; Value = "Extended"; VariantName = "[No Variations]"
Added Component: Designator=U2(HEX_74AC14)
Add component (AddParameter): Name = "Datasheet"; Value = "https://datasheet.lcsc.com/szlcsc/ON-Semicon-ON-74AC14SCX_C5482.pdf"; VariantName = "[No Variations]"
Add component (AddParameter): Name = "LCSC Part#"; Value = "C6942"; VariantName = "[No Variations]"
Add component (AddParameter): Name = "MFR Part #"; Value = "SN74AHC14DR"; VariantName = "[No Variations]"
Add component (AddParameter): Name = "Type"; Value = "Extended"; VariantName = "[No Variations]"
Added Component: Designator=U3(HEX_74AC14)
Add component (AddParameter): Name = "Datasheet"; Value = "https://datasheet.lcsc.com/szlcsc/ON-Semicon-ON-74AC14SCX_C5482.pdf"; VariantName = "[No Variations]"
Add component (AddParameter): Name = "LCSC Part#"; Value = "C6942"; VariantName = "[No Variations]"
Add component (AddParameter): Name = "MFR Part #"; Value = "SN74AHC14DR"; VariantName = "[No Variations]"
Add component (AddParameter): Name = "Type"; Value = "Extended"; VariantName = "[No Variations]"
Added Component: Designator=Voltage(3_PIN_100mil)
Add component (AddParameter): Name = "Digikey Link"; Value = "https://www.digikey.com/product-detail/en/PREC003SAAN-RC/S1012EC-03-ND/2774851/?itemSeq=304982371"; VariantName = "[No Variations]"
Add component (AddParameter): Name = "LCSC Part#"; Value = "C49257"; VariantName = "[No Variations]"
Add component (AddParameter): Name = "MFR Part #"; Value = "PREC003SAAN-RC"; VariantName = "[No Variations]"
Add component (AddParameter): Name = "Type"; Value = "Extended"; VariantName = "[No Variations]"
Add component (AddParameter): Name = "Value"; Value = "CONN HEADER VERT 3POS 2.54MM"; VariantName = "[No Variations]"
Added Pin To Net: NetName=+3.3V Pin=R4-2
Added Pin To Net: NetName=+3.3V Pin=R8-2
Added Pin To Net: NetName=+3.3V Pin=SW1-2
Added Pin To Net: NetName=+3.3V Pin=U2-11
Added Pin To Net: NetName=+3.3V Pin=U3-11
Added Pin To Net: NetName=+3.3V Pin=Voltage-1
Added Net: Name=+3.3V
Added Pin To Net: NetName=+5_V Pin=555_ON_OFF-1
Added Pin To Net: NetName=+5_V Pin=P1-1
Added Pin To Net: NetName=+5_V Pin=PS1-3
Added Pin To Net: NetName=+5_V Pin=TP_ 5V-1
Added Pin To Net: NetName=+5_V Pin=Voltage-3
Added Net: Name=+5_V
Added Pin To Net: NetName=555_Output Pin=TP2-1
Added Pin To Net: NetName=555_Output Pin=U1-3
Added Net: Name=555_Output
Added Pin To Net: NetName=GND Pin=B_HEX_SCOPE_TRIG1-2
Added Pin To Net: NetName=GND Pin=B_HEX_SCOPE_TRIG1-2
Added Pin To Net: NetName=GND Pin=B_HEX_SCOPE_TRIG1-2
Added Pin To Net: NetName=GND Pin=B_LED_TP1-2
Added Pin To Net: NetName=GND Pin=B_LED_TP1-2
Added Pin To Net: NetName=GND Pin=B_LED_TP1-2
Added Pin To Net: NetName=GND Pin=B_Quiet_High1-2
Added Pin To Net: NetName=GND Pin=B_Quiet_High1-2
Added Pin To Net: NetName=GND Pin=B_Quiet_High1-2
Added Pin To Net: NetName=GND Pin=B_Quiet_Low1-2
Added Pin To Net: NetName=GND Pin=B_Quiet_Low1-2
Added Pin To Net: NetName=GND Pin=B_Quiet_Low1-2
Added Pin To Net: NetName=GND Pin=C1-1
Added Pin To Net: NetName=GND Pin=C2-2
Added Pin To Net: NetName=GND Pin=C3-2
Added Pin To Net: NetName=GND Pin=C4-1
Added Pin To Net: NetName=GND Pin=C5-1
Added Pin To Net: NetName=GND Pin=G_+3.3V-2
Added Pin To Net: NetName=GND Pin=G_+3.3V-2
Added Pin To Net: NetName=GND Pin=G_+3.3V-2
Added Pin To Net: NetName=GND Pin=G_HEX_SCOPE_TRIG-2
Added Pin To Net: NetName=GND Pin=G_HEX_SCOPE_TRIG-2
Added Pin To Net: NetName=GND Pin=G_HEX_SCOPE_TRIG-2
Added Pin To Net: NetName=GND Pin=G_LED_TP-2
Added Pin To Net: NetName=GND Pin=G_LED_TP-2
Added Pin To Net: NetName=GND Pin=G_LED_TP-2
Added Pin To Net: NetName=GND Pin=G_Quiet_High-2
Added Pin To Net: NetName=GND Pin=G_Quiet_High-2
Added Pin To Net: NetName=GND Pin=G_Quiet_High-2
Added Pin To Net: NetName=GND Pin=G_Quiet_Low-2
Added Pin To Net: NetName=GND Pin=G_Quiet_Low-2
Added Pin To Net: NetName=GND Pin=G_Quiet_Low-2
Added Pin To Net: NetName=GND Pin=LED1-2
Added Pin To Net: NetName=GND Pin=LED2-2
Added Pin To Net: NetName=GND Pin=LED3-2
Added Pin To Net: NetName=GND Pin=LED4-2
Added Pin To Net: NetName=GND Pin=LED5-2
Added Pin To Net: NetName=GND Pin=LED6-2
Added Pin To Net: NetName=GND Pin=LED7-2
Added Pin To Net: NetName=GND Pin=P1-2
Added Pin To Net: NetName=GND Pin=P1-3
Added Pin To Net: NetName=GND Pin=PS1-1
Added Pin To Net: NetName=GND Pin=TP1-2
Added Pin To Net: NetName=GND Pin=TP1-2
Added Pin To Net: NetName=GND Pin=TP1-2
Added Pin To Net: NetName=GND Pin=TP2-2
Added Pin To Net: NetName=GND Pin=TP2-2
Added Pin To Net: NetName=GND Pin=TP2-2
Added Pin To Net: NetName=GND Pin=TP_ 5V-2
Added Pin To Net: NetName=GND Pin=TP_ 5V-2
Added Pin To Net: NetName=GND Pin=TP_ 5V-2
Added Pin To Net: NetName=GND Pin=TP_+3.3V-2
Added Pin To Net: NetName=GND Pin=TP_+3.3V-2
Added Pin To Net: NetName=GND Pin=TP_+3.3V-2
Added Pin To Net: NetName=GND Pin=U1-1
Added Pin To Net: NetName=GND Pin=U2-7
Added Pin To Net: NetName=GND Pin=U2-13
Added Pin To Net: NetName=GND Pin=U3-7
Added Pin To Net: NetName=GND Pin=U3-13
Added Net: Name=GND
Added Pin To Net: NetName=Hex1_A Pin=R4-1
Added Pin To Net: NetName=Hex1_A Pin=R8-1
Added Pin To Net: NetName=Hex1_A Pin=U2-1
Added Pin To Net: NetName=Hex1_A Pin=U2-3
Added Pin To Net: NetName=Hex1_A Pin=U2-5
Added Pin To Net: NetName=Hex1_A Pin=U2-9
Added Pin To Net: NetName=Hex1_A Pin=U3-1
Added Pin To Net: NetName=Hex1_A Pin=U3-3
Added Pin To Net: NetName=Hex1_A Pin=U3-5
Added Pin To Net: NetName=Hex1_A Pin=U3-9
Added Net: Name=Hex1_A
Added Pin To Net: NetName=Net555_ON_OFF_2 Pin=555_ON_OFF-2
Added Pin To Net: NetName=Net555_ON_OFF_2 Pin=C2-1
Added Pin To Net: NetName=Net555_ON_OFF_2 Pin=R2-2
Added Pin To Net: NetName=Net555_ON_OFF_2 Pin=U1-4
Added Pin To Net: NetName=Net555_ON_OFF_2 Pin=U1-8
Added Net: Name=Net555_ON_OFF_2
Added Pin To Net: NetName=NetB_HEX_SCOPE_TRIG1_1 Pin=B_HEX_SCOPE_TRIG1-1
Added Pin To Net: NetName=NetB_HEX_SCOPE_TRIG1_1 Pin=U3-2
Added Net: Name=NetB_HEX_SCOPE_TRIG1_1
Added Pin To Net: NetName=NetB_LED_TP1_1 Pin=B_LED_TP1-1
Added Pin To Net: NetName=NetB_LED_TP1_1 Pin=R11-1
Added Pin To Net: NetName=NetB_LED_TP1_1 Pin=U3-8
Added Net: Name=NetB_LED_TP1_1
Added Pin To Net: NetName=NetB_Quiet_High1_1 Pin=B_Quiet_High1-1
Added Pin To Net: NetName=NetB_Quiet_High1_1 Pin=U3-10
Added Net: Name=NetB_Quiet_High1_1
Added Pin To Net: NetName=NetB_Quiet_Low1_1 Pin=B_Quiet_Low1-1
Added Pin To Net: NetName=NetB_Quiet_Low1_1 Pin=U3-12
Added Net: Name=NetB_Quiet_Low1_1
Added Pin To Net: NetName=NetC1_2 Pin=C1-2
Added Pin To Net: NetName=NetC1_2 Pin=SW2-2
Added Net: Name=NetC1_2
Added Pin To Net: NetName=NetC3_1 Pin=C3-1
Added Pin To Net: NetName=NetC3_1 Pin=R3-1
Added Pin To Net: NetName=NetC3_1 Pin=U1-2
Added Pin To Net: NetName=NetC3_1 Pin=U1-6
Added Net: Name=NetC3_1
Added Pin To Net: NetName=NetC4_2 Pin=C4-2
Added Pin To Net: NetName=NetC4_2 Pin=G_+3.3V-1
Added Pin To Net: NetName=NetC4_2 Pin=SW_ON_OFF_G-2
Added Pin To Net: NetName=NetC4_2 Pin=U2-14
Added Net: Name=NetC4_2
Added Pin To Net: NetName=NetC5_2 Pin=C5-2
Added Pin To Net: NetName=NetC5_2 Pin=SW_ON_OFF_B-2
Added Pin To Net: NetName=NetC5_2 Pin=TP1-1
Added Pin To Net: NetName=NetC5_2 Pin=U3-14
Added Net: Name=NetC5_2
Added Pin To Net: NetName=NetG_HEX_SCOPE_TRIG_1 Pin=G_HEX_SCOPE_TRIG-1
Added Pin To Net: NetName=NetG_HEX_SCOPE_TRIG_1 Pin=U2-2
Added Net: Name=NetG_HEX_SCOPE_TRIG_1
Added Pin To Net: NetName=NetG_LED_TP_1 Pin=G_LED_TP-1
Added Pin To Net: NetName=NetG_LED_TP_1 Pin=R7-1
Added Pin To Net: NetName=NetG_LED_TP_1 Pin=U2-8
Added Net: Name=NetG_LED_TP_1
Added Pin To Net: NetName=NetG_Quiet_High_1 Pin=G_Quiet_High-1
Added Pin To Net: NetName=NetG_Quiet_High_1 Pin=U2-10
Added Net: Name=NetG_Quiet_High_1
Added Pin To Net: NetName=NetG_Quiet_Low_1 Pin=G_Quiet_Low-1
Added Pin To Net: NetName=NetG_Quiet_Low_1 Pin=U2-12
Added Net: Name=NetG_Quiet_Low_1
Added Pin To Net: NetName=NetLED1_1 Pin=LED1-1
Added Pin To Net: NetName=NetLED1_1 Pin=R1-1
Added Net: Name=NetLED1_1
Added Pin To Net: NetName=NetLED2_1 Pin=LED2-1
Added Pin To Net: NetName=NetLED2_1 Pin=R5-1
Added Net: Name=NetLED2_1
Added Pin To Net: NetName=NetLED3_1 Pin=LED3-1
Added Pin To Net: NetName=NetLED3_1 Pin=R6-1
Added Net: Name=NetLED3_1
Added Pin To Net: NetName=NetLED4_1 Pin=LED4-1
Added Pin To Net: NetName=NetLED4_1 Pin=R7-2
Added Net: Name=NetLED4_1
Added Pin To Net: NetName=NetLED5_1 Pin=LED5-1
Added Pin To Net: NetName=NetLED5_1 Pin=R9-1
Added Net: Name=NetLED5_1
Added Pin To Net: NetName=NetLED6_1 Pin=LED6-1
Added Pin To Net: NetName=NetLED6_1 Pin=R10-1
Added Net: Name=NetLED6_1
Added Pin To Net: NetName=NetLED7_1 Pin=LED7-1
Added Pin To Net: NetName=NetLED7_1 Pin=R11-2
Added Net: Name=NetLED7_1
Added Pin To Net: NetName=NetPS1_2 Pin=PS1-2
Added Pin To Net: NetName=NetPS1_2 Pin=PS1-4
Added Pin To Net: NetName=NetPS1_2 Pin=R1-2
Added Pin To Net: NetName=NetPS1_2 Pin=SW1-1
Added Pin To Net: NetName=NetPS1_2 Pin=SW2-1
Added Pin To Net: NetName=NetPS1_2 Pin=TP_+3.3V-1
Added Net: Name=NetPS1_2
Added Pin To Net: NetName=NetR2_1 Pin=R2-1
Added Pin To Net: NetName=NetR2_1 Pin=R3-2
Added Pin To Net: NetName=NetR2_1 Pin=U1-7
Added Net: Name=NetR2_1
Added Pin To Net: NetName=NetR5_2 Pin=R5-2
Added Pin To Net: NetName=NetR5_2 Pin=U2-4
Added Net: Name=NetR5_2
Added Pin To Net: NetName=NetR6_2 Pin=R6-2
Added Pin To Net: NetName=NetR6_2 Pin=U2-6
Added Net: Name=NetR6_2
Added Pin To Net: NetName=NetR9_2 Pin=R9-2
Added Pin To Net: NetName=NetR9_2 Pin=U3-4
Added Net: Name=NetR9_2
Added Pin To Net: NetName=NetR10_2 Pin=R10-2
Added Pin To Net: NetName=NetR10_2 Pin=U3-6
Added Net: Name=NetR10_2
Added Pin To Net: NetName=Voltage Pin=SW_ON_OFF_B-1
Added Pin To Net: NetName=Voltage Pin=SW_ON_OFF_G-1
Added Pin To Net: NetName=Voltage Pin=Voltage-2
Added Net: Name=Voltage
Added Class: Name=PCB_Board2
Added Rule: Name=Schematic Supply Nets
Added Rule: Name=Schematic Width Constraint
Added Rule: Name=Schematic Width Constraint_1
Added Rule: Name=Schematic Width Constraint_2
Added Rule: Name=Schematic Width Constraint_3
Added Rule: Name=Schematic Width Constraint_4
Added Rule: Name=Schematic Width Constraint_5
Added Rule: Name=Schematic Width Constraint_6
